<?xml version="1.0" encoding="UTF-8"?>
<testng-results ignored="0" total="1" passed="1" failed="0" skipped="0">
  <reporter-output>
  </reporter-output>
  <suite started-at="2021-12-03T23:52:15 JST" name="Default suite" finished-at="2021-12-03T23:52:16 JST" duration-ms="648">
    <groups>
    </groups>
    <test started-at="2021-12-03T23:52:15 JST" name="Default test" finished-at="2021-12-03T23:52:16 JST" duration-ms="648">
      <class name="Test_POST">
        <test-method signature="test_4_post()[pri:0, instance:Test_POST@696da30b]" started-at="2021-12-03T23:52:15 JST" name="test_4_post" finished-at="2021-12-03T23:52:16 JST" duration-ms="618" status="PASS">
          <reporter-output>
          </reporter-output>
        </test-method> <!-- test_4_post -->
      </class> <!-- Test_POST -->
    </test> <!-- Default test -->
  </suite> <!-- Default suite -->
</testng-results>
